<?xml version="1.0" encoding="UTF-8" ?>
<testsuite tests="10" failures="0" name="cucumber.options.TestRunner" time="21.329" errors="0" skipped="0">
  <properties>
    <property name="java.runtime.name" value="Java(TM) SE Runtime Environment"/>
    <property name="sun.boot.library.path" value="C:\Program Files\Java\jdk1.8.0_231\jre\bin"/>
    <property name="java.vm.version" value="25.231-b11"/>
    <property name="java.vm.vendor" value="Oracle Corporation"/>
    <property name="maven.multiModuleProjectDirectory" value="E:\EclipseProjects\APIFrameWorkByPradip"/>
    <property name="java.vendor.url" value="http://java.oracle.com/"/>
    <property name="path.separator" value=";"/>
    <property name="guice.disable.misplaced.annotation.check" value="true"/>
    <property name="java.vm.name" value="Java HotSpot(TM) 64-Bit Server VM"/>
    <property name="file.encoding.pkg" value="sun.io"/>
    <property name="user.script" value=""/>
    <property name="user.country" value="US"/>
    <property name="sun.java.launcher" value="SUN_STANDARD"/>
    <property name="sun.os.patch.level" value=""/>
    <property name="java.vm.specification.name" value="Java Virtual Machine Specification"/>
    <property name="user.dir" value="E:\EclipseProjects\APIFrameWorkByPradip"/>
    <property name="java.runtime.version" value="1.8.0_231-b11"/>
    <property name="java.awt.graphicsenv" value="sun.awt.Win32GraphicsEnvironment"/>
    <property name="java.endorsed.dirs" value="C:\Program Files\Java\jdk1.8.0_231\jre\lib\endorsed"/>
    <property name="os.arch" value="amd64"/>
    <property name="java.io.tmpdir" value="C:\Users\Pradip\AppData\Local\Temp\"/>
    <property name="line.separator" value="
"/>
    <property name="java.vm.specification.vendor" value="Oracle Corporation"/>
    <property name="user.variant" value=""/>
    <property name="os.name" value="Windows 10"/>
    <property name="classworlds.conf" value="E:\EclipseProjects\.metadata\.plugins\org.eclipse.m2e.launching\launches\m2conf7034722834037284476.tmp"/>
    <property name="sun.jnu.encoding" value="Cp1252"/>
    <property name="java.library.path" value="C:\Program Files\Java\jdk1.8.0_231\bin;C:\WINDOWS\Sun\Java\bin;C:\WINDOWS\system32;C:\WINDOWS;C:/Program Files/Java/jre1.8.0_231/bin/server;C:/Program Files/Java/jre1.8.0_231/bin;C:/Program Files/Java/jre1.8.0_231/lib/amd64;C:\Program Files (x86)\Common Files\Oracle\Java\javapath;C:\WINDOWS\system32;C:\WINDOWS;C:\WINDOWS\System32\Wbem;C:\WINDOWS\System32\WindowsPowerShell\v1.0\;C:\Program Files\Java\jdk1.8.0_231\bin;C:\WINDOWS\System32\OpenSSH\;C:\Program Files\apache-maven-3.6.3;C:\Program Files\apache-maven-3.6.3\bin;C:\Program Files (x86)\CrSSL\bin;C:\Program Files\Git\cmd;C:\Program Files (x86)\CrSSL\bin;C:\Program Files\nodejs\;C:\Users\Pradip\AppData\Local\Microsoft\WindowsApps;C:\Users\Pradip\AppData\Roaming\npm;C:\Users\Pradip\AppData\Local\Programs\Microsoft VS Code\bin;E:\Selenium SetUp\eclipse-java-2019-09-R-win32-x86_64\eclipse;;."/>
    <property name="java.specification.name" value="Java Platform API Specification"/>
    <property name="java.class.version" value="52.0"/>
    <property name="sun.management.compiler" value="HotSpot 64-Bit Tiered Compilers"/>
    <property name="os.version" value="10.0"/>
    <property name="user.home" value="C:\Users\Pradip"/>
    <property name="user.timezone" value="Asia/Calcutta"/>
    <property name="java.awt.printerjob" value="sun.awt.windows.WPrinterJob"/>
    <property name="java.specification.version" value="1.8"/>
    <property name="file.encoding" value="Cp1252"/>
    <property name="user.name" value="Pradip"/>
    <property name="java.class.path" value="E:\Selenium SetUp\eclipse-java-2019-09-R-win32-x86_64\eclipse\plugins\org.eclipse.m2e.maven.runtime_1.15.0.20200310-1832\jars\plexus-classworlds-2.6.0.jar"/>
    <property name="java.vm.specification.version" value="1.8"/>
    <property name="sun.arch.data.model" value="64"/>
    <property name="java.home" value="C:\Program Files\Java\jdk1.8.0_231\jre"/>
    <property name="sun.java.command" value="org.codehaus.plexus.classworlds.launcher.Launcher -B install"/>
    <property name="java.specification.vendor" value="Oracle Corporation"/>
    <property name="user.language" value="en"/>
    <property name="awt.toolkit" value="sun.awt.windows.WToolkit"/>
    <property name="java.vm.info" value="mixed mode"/>
    <property name="java.version" value="1.8.0_231"/>
    <property name="java.ext.dirs" value="C:\Program Files\Java\jdk1.8.0_231\jre\lib\ext;C:\WINDOWS\Sun\Java\lib\ext"/>
    <property name="sun.boot.class.path" value="C:\Program Files\Java\jdk1.8.0_231\jre\lib\resources.jar;C:\Program Files\Java\jdk1.8.0_231\jre\lib\rt.jar;C:\Program Files\Java\jdk1.8.0_231\jre\lib\sunrsasign.jar;C:\Program Files\Java\jdk1.8.0_231\jre\lib\jsse.jar;C:\Program Files\Java\jdk1.8.0_231\jre\lib\jce.jar;C:\Program Files\Java\jdk1.8.0_231\jre\lib\charsets.jar;C:\Program Files\Java\jdk1.8.0_231\jre\lib\jfr.jar;C:\Program Files\Java\jdk1.8.0_231\jre\classes"/>
    <property name="java.vendor" value="Oracle Corporation"/>
    <property name="maven.home" value="E:\EclipseProjects\APIFrameWorkByPradip\EMBEDDED"/>
    <property name="file.separator" value="\"/>
    <property name="java.vendor.url.bug" value="http://bugreport.sun.com/bugreport/"/>
    <property name="sun.cpu.endian" value="little"/>
    <property name="sun.io.unicode.encoding" value="UnicodeLittle"/>
    <property name="sun.desktop" value="windows"/>
    <property name="sun.cpu.isalist" value="amd64"/>
  </properties>
  <testcase classname="Create Booking API:" name="The purpose of this test case is to verify the create booking API functionality." time="10.609"/>
  <testcase classname="Get Book Details By Booking ID:" name="The purpose of this test case is to verify the get book details by valid book Id." time="1.363"/>
  <testcase classname="Get Book Details By Booking ID:" name="The purpose of this test case is to verify the get book details by invalid book Id." time="1.19"/>
  <testcase classname="Create Auth token API:" name="The purpose of this test case is to verify login API functionality with a valid username &amp; password." time="1.153"/>
  <testcase classname="Create Auth token API:" name="The purpose of this test case is to verify login API functionality with a invalid username &amp; password." time="1.194"/>
  <testcase classname="Create Auth token API:" name="The purpose of this test case is to verify login API functionality with a valid username &amp; invalid password." time="1.209"/>
  <testcase classname="Create Auth token API:" name="The purpose of this test case is to verify login API functionality with a invalid username &amp; valid password." time="1.182"/>
  <testcase classname="Create Auth token API:" name="The purpose of this testcase is to verify the login API functionality, while user set blank value for username and password field." time="1.103"/>
  <testcase classname="Create Auth token API:" name="The purpose of this testcase is to verify the login API functionality, while user set valid value for username and blank value password field." time="1.136"/>
  <testcase classname="Create Auth token API:" name="The purpose of this testcase is to verify the login API functionality, while user set blank value for username and valid value for password field." time="1.19"/>
</testsuite>